=====================2019-04-26 09:13:20签到日志
jianglong_red@163.com进行了签到
18380461889@163.com进行了签到
jianglong_blue@163.com进行了签到
296769589@qq.com进行了签到
jianglonged@qq.com进行了签到
18728280028@qq.com进行了签到
jianglong_red@sina.com进行了签到
jianglong_blue@sina.com进行了签到
jianglong_yellow@sina.com进行了签到
jianglong_green@sina.com进行了签到
jianglong_purple@sina.com进行了签到
lancelot_red@sina.com进行了签到
zhangsan_red@sohu.com进行了签到
445420075@qq.com进行了签到
jianglonging@foxmail.com进行了签到
=====================2019-04-30 11:05:52签到日志
jianglong_red@163.com进行了签到
18380461889@163.com进行了签到
jianglong_blue@163.com进行了签到
296769589@qq.com进行了签到
jianglonged@qq.com进行了签到
18728280028@qq.com进行了签到
jianglong_red@sina.com进行了签到
jianglong_blue@sina.com进行了签到
jianglong_yellow@sina.com进行了签到
jianglong_green@sina.com进行了签到
jianglong_purple@sina.com进行了签到
lancelot_red@sina.com进行了签到
zhangsan_red@sohu.com进行了签到
445420075@qq.com进行了签到
jianglonging@foxmail.com进行了签到
